<?xml version="1.0" encoding="UTF-8"?>
<!-- Generated by org.testng.reporters.JUnitReportReporter -->
<testsuite hostname="DESKTOP-M18KB13" failures="0" tests="3" name="com.kal.smoke.HomePageTest" time="0.018" errors="0" timestamp="27 Nov 2020 16:27:37 GMT" skipped="0">
  <testcase classname="com.kal.smoke.HomePageTest" name="Test1" time="0.008"/>
  <testcase classname="com.kal.smoke.HomePageTest" name="Test2" time="0.004"/>
  <testcase classname="com.kal.smoke.HomePageTest" name="Test3" time="0.006"/>
</testsuite> <!-- com.kal.smoke.HomePageTest -->
